{
  "stats": {
    "suites": 2,
    "tests": 5,
    "passes": 0,
    "pending": 0,
    "failures": 5,
    "start": "2019-04-17T15:24:26.786Z",
    "end": "2019-04-17T15:24:26.808Z",
    "duration": 22,
    "testsRegistered": 5,
    "passPercent": 0,
    "pendingPercent": 0,
    "other": 0,
    "hasOther": false,
    "skipped": 0,
    "hasSkipped": false,
    "passPercentClass": "danger",
    "pendingPercentClass": "danger"
  },
  "suites": {
    "uuid": "3e545a61-3c3d-4afe-abd4-4df90fe76af2",
    "title": "",
    "fullFile": "",
    "file": "",
    "beforeHooks": [],
    "afterHooks": [],
    "tests": [],
    "suites": [
      {
        "uuid": "08cc835a-df7a-4311-98f9-733cbc9ad619",
        "title": "Página principal: ",
        "fullFile": "/home/alumno/mean/nodejs/07-testing/test/00_principal.js",
        "file": "/test/00_principal.js",
        "beforeHooks": [],
        "afterHooks": [],
        "tests": [
          {
            "title": "GET / Devuelve un código 200",
            "fullTitle": "Página principal:  GET / Devuelve un código 200",
            "timedOut": false,
            "duration": 0,
            "state": "failed",
            "pass": false,
            "fail": true,
            "pending": false,
            "code": "chai.request(mainURL)\n.get('/')\n.end( function(err,res){\n    expect(res).to.have.status(200);\n    done();\n});",
            "err": {
              "message": "TypeError: Cannot use 'in' operator to search for 'status' in undefined",
              "estack": "TypeError: Cannot use 'in' operator to search for 'status' in undefined\n    at Proxy.<anonymous> (node_modules/chai-http/lib/http.js:80:38)\n    at Proxy.methodWrapper (node_modules/chai/lib/chai/utils/addMethod.js:57:25)\n    at /home/alumno/mean/nodejs/07-testing/test/00_principal.js:14:33\n    at Test.Request.callback (node_modules/superagent/lib/node/index.js:728:3)\n    at ClientRequest.req.once.err (node_modules/superagent/lib/node/index.js:647:10)\n    at Socket.socketErrorListener (_http_client.js:392:9)\n    at emitErrorNT (internal/streams/destroy.js:82:8)\n    at emitErrorAndCloseNT (internal/streams/destroy.js:50:3)\n    at process._tickCallback (internal/process/next_tick.js:63:19)"
            },
            "isRoot": false,
            "uuid": "447fbdfa-582e-4b38-939f-41356d6d84d1",
            "isHook": false,
            "skipped": false
          },
          {
            "title": "GET / Devuelve HTML concreto",
            "fullTitle": "Página principal:  GET / Devuelve HTML concreto",
            "timedOut": false,
            "duration": 0,
            "state": "failed",
            "pass": false,
            "fail": true,
            "pending": false,
            "code": "chai.request(mainURL)\n.get('/')\n.end( function(err,res){\n    expect(res.text).equals('<!DOCTYPE html><html><head><title>Express</title><link rel=\"stylesheet\" href=\"/stylesheets/style.css\"></head><body><h1>Express</h1><p>Welcome to Express</p></body></html>');\n    done();\n});",
            "err": {
              "message": "TypeError: Cannot read property 'text' of undefined",
              "estack": "TypeError: Cannot read property 'text' of undefined\n    at /home/alumno/mean/nodejs/07-testing/test/00_principal.js:23:24\n    at Test.Request.callback (node_modules/superagent/lib/node/index.js:728:3)\n    at ClientRequest.req.once.err (node_modules/superagent/lib/node/index.js:647:10)\n    at Socket.socketErrorListener (_http_client.js:392:9)\n    at emitErrorNT (internal/streams/destroy.js:82:8)\n    at emitErrorAndCloseNT (internal/streams/destroy.js:50:3)\n    at process._tickCallback (internal/process/next_tick.js:63:19)"
            },
            "isRoot": false,
            "uuid": "ad0cdc8c-f3fd-44d3-a772-de57d8c5d722",
            "isHook": false,
            "skipped": false
          }
        ],
        "suites": [],
        "passes": [],
        "failures": [
          "447fbdfa-582e-4b38-939f-41356d6d84d1",
          "ad0cdc8c-f3fd-44d3-a772-de57d8c5d722"
        ],
        "pending": [],
        "skipped": [],
        "duration": null,
        "root": false,
        "rootEmpty": false,
        "_timeout": 2000
      },
      {
        "uuid": "57e9f15d-0cca-4a45-93d5-7a54a7de020c",
        "title": "Api RestFul - libros: ",
        "fullFile": "/home/alumno/mean/nodejs/07-testing/test/01_api_rest_libros.js",
        "file": "/test/01_api_rest_libros.js",
        "beforeHooks": [],
        "afterHooks": [],
        "tests": [
          {
            "title": "GET / Devuelve listado de libros",
            "fullTitle": "Api RestFul - libros:  GET / Devuelve listado de libros",
            "timedOut": false,
            "duration": 0,
            "state": "failed",
            "pass": false,
            "fail": true,
            "pending": false,
            "code": "chai.request(mainURL)\n.get('/libros')\n.end( function(err,res){\n    // tenemos un codigo de respuesta 200\n    expect(res).to.have.status(200);\n    // devuelve un objeto\n    expect(res.body).to.be.an('Object');\n    \n    // success\n    var success = res.body.success;\n    expect(success).to.equal(true);\n    \n    // data\n    var data = res.body.data;\n    expect(data).to.be.an('Array');\n    for (let obj of data) {\n        //console.log(p);\n        expect(obj).to.be.an('Object');\n        expect(obj._id).to.be.an(\"String\");\n        expect(obj.isbn).to.be.an(\"String\");\n        expect(obj.name).to.be.an(\"String\");\n        expect(obj.author).to.be.an(\"String\");\n        expect(obj.__v).to.be.an(\"Number\");\n    }\n    \n    done();\n});",
            "err": {
              "message": "TypeError: Cannot use 'in' operator to search for 'status' in undefined",
              "estack": "TypeError: Cannot use 'in' operator to search for 'status' in undefined\n    at Proxy.<anonymous> (node_modules/chai-http/lib/http.js:80:38)\n    at Proxy.methodWrapper (node_modules/chai/lib/chai/utils/addMethod.js:57:25)\n    at /home/alumno/mean/nodejs/07-testing/test/01_api_rest_libros.js:16:33\n    at Test.Request.callback (node_modules/superagent/lib/node/index.js:728:3)\n    at ClientRequest.req.once.err (node_modules/superagent/lib/node/index.js:647:10)\n    at Socket.socketErrorListener (_http_client.js:392:9)\n    at emitErrorNT (internal/streams/destroy.js:82:8)\n    at emitErrorAndCloseNT (internal/streams/destroy.js:50:3)\n    at process._tickCallback (internal/process/next_tick.js:63:19)"
            },
            "isRoot": false,
            "uuid": "c95a4621-3235-4730-8f27-c69d7e78aded",
            "isHook": false,
            "skipped": false
          },
          {
            "title": "POST / Nuevo libro",
            "fullTitle": "Api RestFul - libros:  POST / Nuevo libro",
            "timedOut": false,
            "duration": 0,
            "state": "failed",
            "pass": false,
            "fail": true,
            "pending": false,
            "code": "chai.request(mainURL)\n.post('/libros')\n.send({\n    isbn: \"1234567890ABC\",\n    name: \"Node.js: Related Tools & Skills\",\n    author: \"Craig Buckler; Jani Hartikainen; M. David Green; Olayinka Omole;\"\n})\n.end( function(err,res){\n    // tenemos un codigo de respuesta 200\n    expect(res).to.have.status(200);\n    // devuelve un objeto\n    expect(res.body).to.be.an('Object');\n    \n    // success\n    var success = res.body.success;\n    expect(success).to.equal(true);\n    \n    // data\n    libro = res.body.data;\n    expect(libro).to.be.an('Object');\n    \n    expect(libro._id).to.be.an(\"String\");\n    \n    expect(libro.isbn).to.be.an(\"String\");\n    expect(libro.isbn).equal(\"1234567890ABC\");\n    \n    expect(libro.name).to.be.an(\"String\");\n    expect(libro.name).equal(\"Node.js: Related Tools & Skills\");\n    \n    expect(libro.author).to.be.an(\"String\");\n    expect(libro.author).equal(\"Craig Buckler; Jani Hartikainen; M. David Green; Olayinka Omole;\");\n    \n    expect(libro.__v).to.be.an(\"Number\");\n    expect(libro.__v).equal(0);\n    \n    done();\n});",
            "err": {
              "message": "TypeError: Cannot use 'in' operator to search for 'status' in undefined",
              "estack": "TypeError: Cannot use 'in' operator to search for 'status' in undefined\n    at Proxy.<anonymous> (node_modules/chai-http/lib/http.js:80:38)\n    at Proxy.methodWrapper (node_modules/chai/lib/chai/utils/addMethod.js:57:25)\n    at /home/alumno/mean/nodejs/07-testing/test/01_api_rest_libros.js:51:33\n    at Test.Request.callback (node_modules/superagent/lib/node/index.js:728:3)\n    at ClientRequest.req.once.err (node_modules/superagent/lib/node/index.js:647:10)\n    at Socket.socketErrorListener (_http_client.js:392:9)\n    at emitErrorNT (internal/streams/destroy.js:82:8)\n    at emitErrorAndCloseNT (internal/streams/destroy.js:50:3)\n    at process._tickCallback (internal/process/next_tick.js:63:19)"
            },
            "isRoot": false,
            "uuid": "f86ec014-8680-4e9d-ab0d-ff244029b828",
            "isHook": false,
            "skipped": false
          },
          {
            "title": "DELETE /:isbn Borrar libro",
            "fullTitle": "Api RestFul - libros:  DELETE /:isbn Borrar libro",
            "timedOut": false,
            "duration": 0,
            "state": "failed",
            "pass": false,
            "fail": true,
            "pending": false,
            "code": "chai.request(mainURL)\n.delete('/libros/' + libro.isbn)\n.end( function(err,res){\n    // tenemos un codigo de respuesta 200\n    expect(res).to.have.status(200);\n    // devuelve un objeto\n    expect(res.body).to.be.an('Object');\n    \n    // success\n    var success = res.body.success;\n    expect(success).to.equal(true);\n    // data\n    var l = res.body.data;\n    expect(l).to.be.an('Object');\n    \n    expect(l._id).to.be.an(\"String\");\n    expect(l._id).equal(libro._id);\n    \n    expect(l.isbn).to.be.an(\"String\");\n    expect(l.isbn).equal(libro.isbn);\n    \n    expect(l.name).to.be.an(\"String\");\n    expect(l.name).equal(libro.name);\n    \n    expect(l.author).to.be.an(\"String\");\n    expect(l.author).equal(libro.author);\n    \n    expect(libro.__v).to.be.an(\"Number\");\n    expect(libro.__v).equal(libro.__v);\n    \n    done();\n});",
            "err": {
              "message": "TypeError: Cannot read property 'isbn' of undefined",
              "estack": "TypeError: Cannot read property 'isbn' of undefined\n    at Context.it (test/01_api_rest_libros.js:85:36)"
            },
            "isRoot": false,
            "uuid": "f563ec70-fb45-442c-adaf-0e3b3c441c39",
            "isHook": false,
            "skipped": false
          }
        ],
        "suites": [],
        "passes": [],
        "failures": [
          "c95a4621-3235-4730-8f27-c69d7e78aded",
          "f86ec014-8680-4e9d-ab0d-ff244029b828",
          "f563ec70-fb45-442c-adaf-0e3b3c441c39"
        ],
        "pending": [],
        "skipped": [],
        "duration": null,
        "root": false,
        "rootEmpty": false,
        "_timeout": 2000
      }
    ],
    "passes": [],
    "failures": [],
    "pending": [],
    "skipped": [],
    "duration": 0,
    "root": true,
    "rootEmpty": true,
    "_timeout": 2000
  },
  "copyrightYear": 2019
}